This file contains any messages produced by compilers while
running configure, to aid debugging if configure makes a mistake.

It was created by jabber.el configure 0.8.91, which was
generated by GNU Autoconf 2.68.  Invocation command line was

  $ ./configure 

## --------- ##
## Platform. ##
## --------- ##

hostname = itlodge
uname -m = x86_64
uname -r = 3.6.11-1-ARCH
uname -s = Linux
uname -v = #1 SMP PREEMPT Tue Dec 18 08:57:15 CET 2012

/usr/bin/uname -p = unknown
/bin/uname -X     = unknown

/bin/arch              = unknown
/usr/bin/arch -k       = unknown
/usr/convex/getsysinfo = unknown
/usr/bin/hostinfo      = unknown
/bin/machine           = unknown
/usr/bin/oslevel       = unknown
/bin/universe          = unknown

PATH: /usr/bin
PATH: /usr/local/bin
PATH: /bin
PATH: /usr/local/sbin
PATH: /usr/sbin
PATH: /sbin
PATH: /home/monkey/script
PATH: /opt/java/bin
PATH: /opt/java/db/bin
PATH: /opt/java/jre/bin
PATH: /usr/bin/core_perl
PATH: /home/monkey/script


## ----------- ##
## Core tests. ##
## ----------- ##

configure:1768: checking for a BSD-compatible install
configure:1836: result: /usr/bin/install -c
configure:1847: checking whether build environment is sane
configure:1897: result: yes
configure:2038: checking for a thread-safe mkdir -p
configure:2077: result: /usr/bin/mkdir -p
configure:2090: checking for gawk
configure:2106: found /usr/bin/gawk
configure:2117: result: gawk
configure:2128: checking whether make sets $(MAKE)
configure:2150: result: yes
configure:2239: checking for emacs
configure:2255: found /usr/bin/emacs
configure:2266: result: emacs
configure:2290: checking where .elc files should go
configure:2303: $EMACS -batch -q -eval '(while load-path (princ (concat (car load-path) "\n")) (setq load-path (cdr load-path)))' </dev/null >conftest.out
configure:2306: $? = 0
configure:2319: result: ${datarootdir}/emacs/site-lisp
configure:2332: checking whether emacs has library sha1
configure:2340: $EMACS -batch -l conftest.el
configure:2343: $? = 0
configure:2351: result: yes
configure:2360: checking whether emacs has library sha1-el
configure:2368: $EMACS -batch -l conftest.el
Cannot open load file: sha1-el
configure:2371: $? = 255
configure:2379: result: no
configure:2388: checking whether emacs has library hex-util
configure:2396: $EMACS -batch -l conftest.el
configure:2399: $? = 0
configure:2407: result: yes
configure:2416: checking whether emacs has library hexrgb
configure:2424: $EMACS -batch -l conftest.el
Cannot open load file: hexrgb
configure:2427: $? = 255
configure:2435: result: no
configure:2471: checking for gconftool-2
configure:2489: found /usr/bin/gconftool-2
configure:2502: result: /usr/bin/gconftool-2
configure:2542: result: Using config source xml:merged:/etc/gconf/gconf.xml.defaults for schema installation
configure:2557: result: Using $(sysconfdir)/gconf/schemas as install directory for schema files
configure:2755: creating ./config.status

## ---------------------- ##
## Running config.status. ##
## ---------------------- ##

This file was extended by jabber.el config.status 0.8.91, which was
generated by GNU Autoconf 2.68.  Invocation command line was

  CONFIG_FILES    = 
  CONFIG_HEADERS  = 
  CONFIG_LINKS    = 
  CONFIG_COMMANDS = 
  $ ./config.status 

on itlodge

config.status:769: creating Makefile
config.status:769: creating tests/Makefile
config.status:769: creating gconf/Makefile
config.status:769: creating jabber-ourversion.el

## ---------------- ##
## Cache variables. ##
## ---------------- ##

ac_cv_env_EMACSLOADPATH_set=
ac_cv_env_EMACSLOADPATH_value=
ac_cv_env_EMACS_set=
ac_cv_env_EMACS_value=
ac_cv_env_build_alias_set=
ac_cv_env_build_alias_value=
ac_cv_env_host_alias_set=
ac_cv_env_host_alias_value=
ac_cv_env_target_alias_set=
ac_cv_env_target_alias_value=
ac_cv_path_GCONFTOOL=/usr/bin/gconftool-2
ac_cv_path_install='/usr/bin/install -c'
ac_cv_path_mkdir=/usr/bin/mkdir
ac_cv_prog_AWK=gawk
ac_cv_prog_EMACS=emacs
ac_cv_prog_make_make_set=yes
am_cv_lispdir='${datarootdir}/emacs/site-lisp'
ax_cv_emacs_lib_hex_util=yes
ax_cv_emacs_lib_hexrgb=no
ax_cv_emacs_lib_sha1=yes
ax_cv_emacs_lib_sha1_el=no

## ----------------- ##
## Output variables. ##
## ----------------- ##

ACLOCAL='${SHELL} /home/monkey/.emacs.d/plugins/emacs-jabber-0.8.91/build-aux/missing --run aclocal-1.11'
AMTAR='${SHELL} /home/monkey/.emacs.d/plugins/emacs-jabber-0.8.91/build-aux/missing --run tar'
AUTOCONF='${SHELL} /home/monkey/.emacs.d/plugins/emacs-jabber-0.8.91/build-aux/missing --run autoconf'
AUTOHEADER='${SHELL} /home/monkey/.emacs.d/plugins/emacs-jabber-0.8.91/build-aux/missing --run autoheader'
AUTOMAKE='${SHELL} /home/monkey/.emacs.d/plugins/emacs-jabber-0.8.91/build-aux/missing --run automake-1.11'
AWK='gawk'
CYGPATH_W='echo'
DEFS='-DPACKAGE_NAME=\"jabber.el\" -DPACKAGE_TARNAME=\"emacs-jabber\" -DPACKAGE_VERSION=\"0.8.91\" -DPACKAGE_STRING=\"jabber.el\ 0.8.91\" -DPACKAGE_BUGREPORT=\"emacs-jabber-general@lists.sourceforge.net\" -DPACKAGE_URL=\"\" -DPACKAGE=\"emacs-jabber\" -DVERSION=\"0.8.91\"'
ECHO_C=''
ECHO_N='-n'
ECHO_T=''
EMACS='emacs'
EMACSLOADPATH=''
GCONFTOOL='/usr/bin/gconftool-2'
GCONF_SCHEMAS_INSTALL_FALSE='#'
GCONF_SCHEMAS_INSTALL_TRUE=''
GCONF_SCHEMA_CONFIG_SOURCE='xml:merged:/etc/gconf/gconf.xml.defaults'
GCONF_SCHEMA_FILE_DIR='$(sysconfdir)/gconf/schemas'
INSTALL_DATA='${INSTALL} -m 644'
INSTALL_PROGRAM='${INSTALL}'
INSTALL_SCRIPT='${INSTALL}'
INSTALL_STRIP_PROGRAM='$(install_sh) -c -s'
LIBOBJS=''
LIBS=''
LTLIBOBJS=''
MAKEINFO='${SHELL} /home/monkey/.emacs.d/plugins/emacs-jabber-0.8.91/build-aux/missing --run makeinfo'
MKDIR_P='/usr/bin/mkdir -p'
PACKAGE='emacs-jabber'
PACKAGE_BUGREPORT='emacs-jabber-general@lists.sourceforge.net'
PACKAGE_NAME='jabber.el'
PACKAGE_STRING='jabber.el 0.8.91'
PACKAGE_TARNAME='emacs-jabber'
PACKAGE_URL=''
PACKAGE_VERSION='0.8.91'
PATH_SEPARATOR=':'
SET_MAKE=''
SHELL='/bin/sh'
STRIP=''
USE_GCONFTOOL_FALSE='#'
USE_GCONFTOOL_TRUE=''
USE_OUR_HEXRGB_FALSE='#'
USE_OUR_HEXRGB_TRUE=''
USE_OUR_HEX_UTIL_FALSE=''
USE_OUR_HEX_UTIL_TRUE='#'
USE_OUR_SHA1_FALSE=''
USE_OUR_SHA1_TRUE='#'
VERSION='0.8.91'
am__isrc=''
am__leading_dot='.'
am__tar='${AMTAR} chof - "$$tardir"'
am__untar='${AMTAR} xf -'
bindir='${exec_prefix}/bin'
build_alias=''
datadir='${datarootdir}'
datarootdir='${prefix}/share'
docdir='${datarootdir}/doc/${PACKAGE_TARNAME}'
dvidir='${docdir}'
exec_prefix='${prefix}'
host_alias=''
htmldir='${docdir}'
includedir='${prefix}/include'
infodir='${datarootdir}/info'
install_sh='${SHELL} /home/monkey/.emacs.d/plugins/emacs-jabber-0.8.91/build-aux/install-sh'
libdir='${exec_prefix}/lib'
libexecdir='${exec_prefix}/libexec'
lispdir='${datarootdir}/emacs/site-lisp'
localedir='${datarootdir}/locale'
localstatedir='${prefix}/var'
mandir='${datarootdir}/man'
mkdir_p='/usr/bin/mkdir -p'
oldincludedir='/usr/include'
pdfdir='${docdir}'
prefix='/usr/local'
program_transform_name='s,x,x,'
psdir='${docdir}'
sbindir='${exec_prefix}/sbin'
sharedstatedir='${prefix}/com'
sysconfdir='${prefix}/etc'
target_alias=''

## ----------- ##
## confdefs.h. ##
## ----------- ##

/* confdefs.h */
#define PACKAGE_NAME "jabber.el"
#define PACKAGE_TARNAME "emacs-jabber"
#define PACKAGE_VERSION "0.8.91"
#define PACKAGE_STRING "jabber.el 0.8.91"
#define PACKAGE_BUGREPORT "emacs-jabber-general@lists.sourceforge.net"
#define PACKAGE_URL ""
#define PACKAGE "emacs-jabber"
#define VERSION "0.8.91"

configure: exit 0
